2025-03-04 14:44:30,150 - object_detection - INFO - Checking and downloading model files...
2025-03-04 14:44:30,150 - object_detection - INFO - Checking and downloading model files...
2025-03-04 14:44:31,106 - object_detection - INFO - Downloading yolov3.weights...
2025-03-04 14:44:31,106 - object_detection - INFO - Downloading yolov3.weights...
2025-03-04 14:44:55,921 - object_detection - INFO - Successfully downloaded yolov3.weights
2025-03-04 14:44:55,921 - object_detection - INFO - Successfully downloaded yolov3.weights
2025-03-04 14:44:55,923 - object_detection - INFO - Downloading yolov3.cfg...
2025-03-04 14:44:55,923 - object_detection - INFO - Downloading yolov3.cfg...
2025-03-04 14:44:56,056 - object_detection - INFO - Successfully downloaded yolov3.cfg
2025-03-04 14:44:56,056 - object_detection - INFO - Successfully downloaded yolov3.cfg
2025-03-04 14:44:56,057 - object_detection - INFO - Downloading coco.names...
2025-03-04 14:44:56,057 - object_detection - INFO - Downloading coco.names...
2025-03-04 14:44:56,164 - object_detection - INFO - Successfully downloaded coco.names
2025-03-04 14:44:56,164 - object_detection - INFO - Successfully downloaded coco.names
2025-03-04 14:44:56,164 - object_detection - INFO - Initializing object detector...
2025-03-04 14:44:56,164 - object_detection - INFO - Initializing object detector...
2025-03-04 14:44:57,238 - object_detection - INFO - Model loaded successfully
2025-03-04 14:44:57,238 - object_detection - INFO - Model loaded successfully
2025-03-04 14:44:57,413 - object_detection - ERROR - Camera is not available
2025-03-04 14:44:57,413 - object_detection - ERROR - Camera is not available
2025-03-04 14:44:57,527 - object_detection - ERROR - Error: Could not open video capture device
2025-03-04 14:44:57,527 - object_detection - ERROR - Error: Could not open video capture device
2025-03-04 14:45:09,152 - object_detection - ERROR - Camera is not available
2025-03-04 14:45:09,152 - object_detection - ERROR - Camera is not available
2025-03-04 14:45:09,164 - object_detection - ERROR - Error: Could not open video capture device
2025-03-04 14:45:09,164 - object_detection - ERROR - Error: Could not open video capture device
